This file contains any messages produced by compilers while
running configure, to aid debugging if configure makes a mistake.

It was created by libcgc configure 0.0.1, which was
generated by GNU Autoconf 2.69.  Invocation command line was

  $ ./configure --no-create --no-recursion

## --------- ##
## Platform. ##
## --------- ##

hostname = singapore.localdomain
uname -m = x86_64
uname -r = 3.19.3-200.fc21.x86_64
uname -s = Linux
uname -v = #1 SMP Thu Mar 26 21:39:42 UTC 2015

/usr/bin/uname -p = x86_64
/bin/uname -X     = unknown

/bin/arch              = x86_64
/usr/bin/arch -k       = unknown
/usr/convex/getsysinfo = unknown
/usr/bin/hostinfo      = unknown
/bin/machine           = unknown
/usr/bin/oslevel       = unknown
/bin/universe          = unknown

PATH: /usr/lib64/qt-3.3/bin
PATH: /usr/lib64/ccache
PATH: /usr/local/bin
PATH: /usr/local/sbin
PATH: /usr/bin
PATH: /usr/sbin
PATH: /bin
PATH: /sbin
PATH: /home/ethan/.local/bin
PATH: /home/ethan/bin
PATH: /usr/local/racket/bin
PATH: /usr/local/share/nailgun/scripts/


## ----------- ##
## Core tests. ##
## ----------- ##

configure:2245: checking for a BSD-compatible install
configure:2313: result: /usr/bin/install -c
configure:2324: checking whether build environment is sane
configure:2379: result: yes
configure:2530: checking for a thread-safe mkdir -p
configure:2569: result: /usr/bin/mkdir -p
configure:2576: checking for gawk
configure:2592: found /usr/bin/gawk
configure:2603: result: gawk
configure:2614: checking whether make sets $(MAKE)
configure:2636: result: yes
configure:2665: checking whether make supports nested variables
configure:2682: result: yes
configure:2860: checking for gcc
configure:2876: found /usr/lib64/ccache/gcc
configure:2887: result: gcc
configure:3116: checking for C compiler version
configure:3125: gcc --version >&5
gcc (GCC) 4.9.2 20150212 (Red Hat 4.9.2-6)
Copyright (C) 2014 Free Software Foundation, Inc.
This is free software; see the source for copying conditions.  There is NO
warranty; not even for MERCHANTABILITY or FITNESS FOR A PARTICULAR PURPOSE.

configure:3136: $? = 0
configure:3125: gcc -v >&5
Using built-in specs.
COLLECT_GCC=/usr/bin/gcc
COLLECT_LTO_WRAPPER=/usr/libexec/gcc/x86_64-redhat-linux/4.9.2/lto-wrapper
Target: x86_64-redhat-linux
Configured with: ../configure --prefix=/usr --mandir=/usr/share/man --infodir=/usr/share/info --with-bugurl=http://bugzilla.redhat.com/bugzilla --enable-bootstrap --enable-shared --enable-threads=posix --enable-checking=release --enable-multilib --with-system-zlib --enable-__cxa_atexit --disable-libunwind-exceptions --enable-gnu-unique-object --enable-linker-build-id --with-linker-hash-style=gnu --enable-languages=c,c++,objc,obj-c++,fortran,ada,go,lto --enable-plugin --enable-initfini-array --disable-libgcj --with-isl=/builddir/build/BUILD/gcc-4.9.2-20150212/obj-x86_64-redhat-linux/isl-install --with-cloog=/builddir/build/BUILD/gcc-4.9.2-20150212/obj-x86_64-redhat-linux/cloog-install --enable-gnu-indirect-function --with-tune=generic --with-arch_32=i686 --build=x86_64-redhat-linux
Thread model: posix
gcc version 4.9.2 20150212 (Red Hat 4.9.2-6) (GCC) 
configure:3136: $? = 0
configure:3125: gcc -V >&5
gcc: error: unrecognized command line option '-V'
gcc: fatal error: no input files
compilation terminated.
configure:3136: $? = 4
configure:3125: gcc -qversion >&5
gcc: error: unrecognized command line option '-qversion'
gcc: fatal error: no input files
compilation terminated.
configure:3136: $? = 4
configure:3156: checking whether the C compiler works
configure:3178: gcc    conftest.c  >&5
configure:3182: $? = 0
configure:3230: result: yes
configure:3233: checking for C compiler default output file name
configure:3235: result: a.out
configure:3241: checking for suffix of executables
configure:3248: gcc -o conftest    conftest.c  >&5
configure:3252: $? = 0
configure:3274: result: 
configure:3296: checking whether we are cross compiling
configure:3304: gcc -o conftest    conftest.c  >&5
configure:3308: $? = 0
configure:3315: ./conftest
configure:3319: $? = 0
configure:3334: result: no
configure:3339: checking for suffix of object files
configure:3361: gcc -c   conftest.c >&5
configure:3365: $? = 0
configure:3386: result: o
configure:3390: checking whether we are using the GNU C compiler
configure:3409: gcc -c   conftest.c >&5
configure:3409: $? = 0
configure:3418: result: yes
configure:3427: checking whether gcc accepts -g
configure:3447: gcc -c -g  conftest.c >&5
configure:3447: $? = 0
configure:3488: result: yes
configure:3505: checking for gcc option to accept ISO C89
configure:3568: gcc  -c -g -O2  conftest.c >&5
configure:3568: $? = 0
configure:3581: result: none needed
configure:3606: checking whether gcc understands -c and -o together
configure:3628: gcc -c conftest.c -o conftest2.o
configure:3631: $? = 0
configure:3628: gcc -c conftest.c -o conftest2.o
configure:3631: $? = 0
configure:3643: result: yes
configure:3671: checking for style of include used by make
configure:3699: result: GNU
configure:3725: checking dependency style of gcc
configure:3836: result: gcc3
configure:3896: checking for ranlib
configure:3912: found /usr/bin/ranlib
configure:3923: result: ranlib
configure:3995: checking for ar
configure:4011: found /usr/bin/ar
configure:4022: result: ar
configure:4048: checking the archiver (ar) interface
configure:4064: gcc -c -g -O2  conftest.c >&5
configure:4064: $? = 0
configure:4066: ar cru libconftest.a conftest.o >&5
configure:4069: $? = 0
configure:4097: result: ar
configure:4124: checking how to run the C preprocessor
configure:4155: gcc -E  conftest.c
configure:4155: $? = 0
configure:4169: gcc -E  conftest.c
conftest.c:11:28: fatal error: ac_nonexistent.h: No such file or directory
 #include <ac_nonexistent.h>
                            ^
compilation terminated.
configure:4169: $? = 1
configure: failed program was:
| /* confdefs.h */
| #define PACKAGE_NAME "libcgc"
| #define PACKAGE_TARNAME "libcgc"
| #define PACKAGE_VERSION "0.0.1"
| #define PACKAGE_STRING "libcgc 0.0.1"
| #define PACKAGE_BUGREPORT "mcdasethan2@gmail.com"
| #define PACKAGE_URL ""
| #define PACKAGE "libcgc"
| #define VERSION "0.0.1"
| /* end confdefs.h.  */
| #include <ac_nonexistent.h>
configure:4194: result: gcc -E
configure:4214: gcc -E  conftest.c
configure:4214: $? = 0
configure:4228: gcc -E  conftest.c
conftest.c:11:28: fatal error: ac_nonexistent.h: No such file or directory
 #include <ac_nonexistent.h>
                            ^
compilation terminated.
configure:4228: $? = 1
configure: failed program was:
| /* confdefs.h */
| #define PACKAGE_NAME "libcgc"
| #define PACKAGE_TARNAME "libcgc"
| #define PACKAGE_VERSION "0.0.1"
| #define PACKAGE_STRING "libcgc 0.0.1"
| #define PACKAGE_BUGREPORT "mcdasethan2@gmail.com"
| #define PACKAGE_URL ""
| #define PACKAGE "libcgc"
| #define VERSION "0.0.1"
| /* end confdefs.h.  */
| #include <ac_nonexistent.h>
configure:4257: checking for grep that handles long lines and -e
configure:4315: result: /usr/bin/grep
configure:4320: checking for egrep
configure:4382: result: /usr/bin/grep -E
configure:4387: checking for ANSI C header files
configure:4407: gcc -c -g -O2  conftest.c >&5
configure:4407: $? = 0
configure:4480: gcc -o conftest -g -O2   conftest.c  >&5
configure:4480: $? = 0
configure:4480: ./conftest
configure:4480: $? = 0
configure:4491: result: yes
configure:4504: checking for sys/types.h
configure:4504: gcc -c -g -O2  conftest.c >&5
configure:4504: $? = 0
configure:4504: result: yes
configure:4504: checking for sys/stat.h
configure:4504: gcc -c -g -O2  conftest.c >&5
configure:4504: $? = 0
configure:4504: result: yes
configure:4504: checking for stdlib.h
configure:4504: gcc -c -g -O2  conftest.c >&5
configure:4504: $? = 0
configure:4504: result: yes
configure:4504: checking for string.h
configure:4504: gcc -c -g -O2  conftest.c >&5
configure:4504: $? = 0
configure:4504: result: yes
configure:4504: checking for memory.h
configure:4504: gcc -c -g -O2  conftest.c >&5
configure:4504: $? = 0
configure:4504: result: yes
configure:4504: checking for strings.h
configure:4504: gcc -c -g -O2  conftest.c >&5
configure:4504: $? = 0
configure:4504: result: yes
configure:4504: checking for inttypes.h
configure:4504: gcc -c -g -O2  conftest.c >&5
configure:4504: $? = 0
configure:4504: result: yes
configure:4504: checking for stdint.h
configure:4504: gcc -c -g -O2  conftest.c >&5
configure:4504: $? = 0
configure:4504: result: yes
configure:4504: checking for unistd.h
configure:4504: gcc -c -g -O2  conftest.c >&5
configure:4504: $? = 0
configure:4504: result: yes
configure:4519: checking for stdlib.h
configure:4519: result: yes
configure:4519: checking for string.h
configure:4519: result: yes
configure:4531: checking for size_t
configure:4531: gcc -c -g -O2  conftest.c >&5
configure:4531: $? = 0
configure:4531: gcc -c -g -O2  conftest.c >&5
conftest.c: In function 'main':
conftest.c:59:21: error: expected expression before ')' token
 if (sizeof ((size_t)))
                     ^
configure:4531: $? = 1
configure: failed program was:
| /* confdefs.h */
| #define PACKAGE_NAME "libcgc"
| #define PACKAGE_TARNAME "libcgc"
| #define PACKAGE_VERSION "0.0.1"
| #define PACKAGE_STRING "libcgc 0.0.1"
| #define PACKAGE_BUGREPORT "mcdasethan2@gmail.com"
| #define PACKAGE_URL ""
| #define PACKAGE "libcgc"
| #define VERSION "0.0.1"
| #define STDC_HEADERS 1
| #define HAVE_SYS_TYPES_H 1
| #define HAVE_SYS_STAT_H 1
| #define HAVE_STDLIB_H 1
| #define HAVE_STRING_H 1
| #define HAVE_MEMORY_H 1
| #define HAVE_STRINGS_H 1
| #define HAVE_INTTYPES_H 1
| #define HAVE_STDINT_H 1
| #define HAVE_UNISTD_H 1
| #define HAVE_STDLIB_H 1
| #define HAVE_STRING_H 1
| /* end confdefs.h.  */
| #include <stdio.h>
| #ifdef HAVE_SYS_TYPES_H
| # include <sys/types.h>
| #endif
| #ifdef HAVE_SYS_STAT_H
| # include <sys/stat.h>
| #endif
| #ifdef STDC_HEADERS
| # include <stdlib.h>
| # include <stddef.h>
| #else
| # ifdef HAVE_STDLIB_H
| #  include <stdlib.h>
| # endif
| #endif
| #ifdef HAVE_STRING_H
| # if !defined STDC_HEADERS && defined HAVE_MEMORY_H
| #  include <memory.h>
| # endif
| # include <string.h>
| #endif
| #ifdef HAVE_STRINGS_H
| # include <strings.h>
| #endif
| #ifdef HAVE_INTTYPES_H
| # include <inttypes.h>
| #endif
| #ifdef HAVE_STDINT_H
| # include <stdint.h>
| #endif
| #ifdef HAVE_UNISTD_H
| # include <unistd.h>
| #endif
| int
| main ()
| {
| if (sizeof ((size_t)))
| 	    return 0;
|   ;
|   return 0;
| }
configure:4531: result: yes
configure:4546: checking for stdlib.h
configure:4546: result: yes
configure:4556: checking for GNU libc compatible malloc
configure:4580: gcc -o conftest -g -O2   conftest.c  >&5
configure:4580: $? = 0
configure:4580: ./conftest
configure:4580: $? = 0
configure:4590: result: yes
configure:4613: checking for memset
configure:4613: gcc -o conftest -g -O2   conftest.c  >&5
conftest.c:48:6: warning: conflicting types for built-in function 'memset'
 char memset ();
      ^
configure:4613: $? = 0
configure:4613: result: yes
configure:4734: checking that generated files are newer than configure
configure:4740: result: done
configure:4763: creating ./config.status

## ---------------- ##
## Cache variables. ##
## ---------------- ##

ac_cv_c_compiler_gnu=yes
ac_cv_env_CC_set=
ac_cv_env_CC_value=
ac_cv_env_CFLAGS_set=
ac_cv_env_CFLAGS_value=
ac_cv_env_CPPFLAGS_set=
ac_cv_env_CPPFLAGS_value=
ac_cv_env_CPP_set=
ac_cv_env_CPP_value=
ac_cv_env_LDFLAGS_set=
ac_cv_env_LDFLAGS_value=
ac_cv_env_LIBS_set=
ac_cv_env_LIBS_value=
ac_cv_env_build_alias_set=
ac_cv_env_build_alias_value=
ac_cv_env_host_alias_set=
ac_cv_env_host_alias_value=
ac_cv_env_target_alias_set=
ac_cv_env_target_alias_value=
ac_cv_func_malloc_0_nonnull=yes
ac_cv_func_memset=yes
ac_cv_header_inttypes_h=yes
ac_cv_header_memory_h=yes
ac_cv_header_stdc=yes
ac_cv_header_stdint_h=yes
ac_cv_header_stdlib_h=yes
ac_cv_header_string_h=yes
ac_cv_header_strings_h=yes
ac_cv_header_sys_stat_h=yes
ac_cv_header_sys_types_h=yes
ac_cv_header_unistd_h=yes
ac_cv_objext=o
ac_cv_path_EGREP='/usr/bin/grep -E'
ac_cv_path_GREP=/usr/bin/grep
ac_cv_path_install='/usr/bin/install -c'
ac_cv_path_mkdir=/usr/bin/mkdir
ac_cv_prog_AWK=gawk
ac_cv_prog_CPP='gcc -E'
ac_cv_prog_ac_ct_AR=ar
ac_cv_prog_ac_ct_CC=gcc
ac_cv_prog_ac_ct_RANLIB=ranlib
ac_cv_prog_cc_c89=
ac_cv_prog_cc_g=yes
ac_cv_prog_make_make_set=yes
ac_cv_type_size_t=yes
am_cv_CC_dependencies_compiler_type=gcc3
am_cv_ar_interface=ar
am_cv_make_support_nested_variables=yes
am_cv_prog_cc_c_o=yes

## ----------------- ##
## Output variables. ##
## ----------------- ##

ACLOCAL='${SHELL} /home/ethan/Projects/GNU/libcgc/missing aclocal-1.14'
AMDEPBACKSLASH='\'
AMDEP_FALSE='#'
AMDEP_TRUE=''
AMTAR='$${TAR-tar}'
AM_BACKSLASH='\'
AM_DEFAULT_V='$(AM_DEFAULT_VERBOSITY)'
AM_DEFAULT_VERBOSITY='1'
AM_V='$(V)'
AR='ar'
AUTOCONF='${SHELL} /home/ethan/Projects/GNU/libcgc/missing autoconf'
AUTOHEADER='${SHELL} /home/ethan/Projects/GNU/libcgc/missing autoheader'
AUTOMAKE='${SHELL} /home/ethan/Projects/GNU/libcgc/missing automake-1.14'
AWK='gawk'
CC='gcc'
CCDEPMODE='depmode=gcc3'
CFLAGS='-g -O2'
CPP='gcc -E'
CPPFLAGS=''
CYGPATH_W='echo'
DEFS='-DHAVE_CONFIG_H'
DEPDIR='.deps'
ECHO_C=''
ECHO_N='-n'
ECHO_T=''
EGREP='/usr/bin/grep -E'
EXEEXT=''
GREP='/usr/bin/grep'
INSTALL_DATA='${INSTALL} -m 644'
INSTALL_PROGRAM='${INSTALL}'
INSTALL_SCRIPT='${INSTALL}'
INSTALL_STRIP_PROGRAM='$(install_sh) -c -s'
LDFLAGS=''
LIBOBJS=''
LIBS=''
LTLIBOBJS=''
MAKEINFO='${SHELL} /home/ethan/Projects/GNU/libcgc/missing makeinfo'
MKDIR_P='/usr/bin/mkdir -p'
OBJEXT='o'
PACKAGE='libcgc'
PACKAGE_BUGREPORT='mcdasethan2@gmail.com'
PACKAGE_NAME='libcgc'
PACKAGE_STRING='libcgc 0.0.1'
PACKAGE_TARNAME='libcgc'
PACKAGE_URL=''
PACKAGE_VERSION='0.0.1'
PATH_SEPARATOR=':'
RANLIB='ranlib'
SET_MAKE=''
SHELL='/bin/sh'
STRIP=''
VERSION='0.0.1'
ac_ct_AR='ar'
ac_ct_CC='gcc'
am__EXEEXT_FALSE=''
am__EXEEXT_TRUE='#'
am__fastdepCC_FALSE='#'
am__fastdepCC_TRUE=''
am__include='include'
am__isrc=''
am__leading_dot='.'
am__nodep='_no'
am__quote=''
am__tar='$${TAR-tar} chof - "$$tardir"'
am__untar='$${TAR-tar} xf -'
bindir='${exec_prefix}/bin'
build_alias=''
datadir='${datarootdir}'
datarootdir='${prefix}/share'
docdir='${datarootdir}/doc/${PACKAGE_TARNAME}'
dvidir='${docdir}'
exec_prefix='${prefix}'
host_alias=''
htmldir='${docdir}'
includedir='${prefix}/include'
infodir='${datarootdir}/info'
install_sh='${SHELL} /home/ethan/Projects/GNU/libcgc/install-sh'
libdir='${exec_prefix}/lib'
libexecdir='${exec_prefix}/libexec'
localedir='${datarootdir}/locale'
localstatedir='${prefix}/var'
mandir='${datarootdir}/man'
mkdir_p='$(MKDIR_P)'
oldincludedir='/usr/include'
pdfdir='${docdir}'
prefix='/usr/local'
program_transform_name='s,x,x,'
psdir='${docdir}'
sbindir='${exec_prefix}/sbin'
sharedstatedir='${prefix}/com'
sysconfdir='${prefix}/etc'
target_alias=''

## ----------- ##
## confdefs.h. ##
## ----------- ##

/* confdefs.h */
#define PACKAGE_NAME "libcgc"
#define PACKAGE_TARNAME "libcgc"
#define PACKAGE_VERSION "0.0.1"
#define PACKAGE_STRING "libcgc 0.0.1"
#define PACKAGE_BUGREPORT "mcdasethan2@gmail.com"
#define PACKAGE_URL ""
#define PACKAGE "libcgc"
#define VERSION "0.0.1"
#define STDC_HEADERS 1
#define HAVE_SYS_TYPES_H 1
#define HAVE_SYS_STAT_H 1
#define HAVE_STDLIB_H 1
#define HAVE_STRING_H 1
#define HAVE_MEMORY_H 1
#define HAVE_STRINGS_H 1
#define HAVE_INTTYPES_H 1
#define HAVE_STDINT_H 1
#define HAVE_UNISTD_H 1
#define HAVE_STDLIB_H 1
#define HAVE_STRING_H 1
#define HAVE_STDLIB_H 1
#define HAVE_MALLOC 1
#define HAVE_MEMSET 1

configure: exit 0

## ---------------------- ##
## Running config.status. ##
## ---------------------- ##

This file was extended by libcgc config.status 0.0.1, which was
generated by GNU Autoconf 2.69.  Invocation command line was

  CONFIG_FILES    = 
  CONFIG_HEADERS  = 
  CONFIG_LINKS    = 
  CONFIG_COMMANDS = 
  $ ./config.status 

on singapore.localdomain

config.status:861: creating Makefile
config.status:861: creating src/Makefile
config.status:861: creating config.h
config.status:1042: config.h is unchanged
config.status:1090: executing depfiles commands

## ---------------------- ##
## Running config.status. ##
## ---------------------- ##

This file was extended by libcgc config.status 0.0.1, which was
generated by GNU Autoconf 2.69.  Invocation command line was

  CONFIG_FILES    = 
  CONFIG_HEADERS  = 
  CONFIG_LINKS    = 
  CONFIG_COMMANDS = 
  $ ./config.status config.h

on singapore.localdomain

config.status:861: creating config.h
config.status:1042: config.h is unchanged
